<?xml version="1.0" encoding="UTF-8"?>
<!-- Generated by org.testng.reporters.JUnitReportReporter -->
<testsuite hostname="Desky" failures="0" tests="1" name="Launch.Launch_Avianca" time="0.005" errors="0" timestamp="2025-07-19T19:56:15 COT" skipped="0">
  <testcase classname="Launch.Launch_Avianca" name="f" time="0.005"/>
</testsuite> <!-- Launch.Launch_Avianca -->
