<?xml version="1.0" encoding="UTF-8"?>
<!-- Generated by org.testng.reporters.JUnitReportReporter -->
<testsuite hostname="Desky" failures="0" tests="1" name="Launch.Launch_Avianca" time="0.004" errors="0" timestamp="2025-07-06T17:52:46 COT" skipped="0">
  <testcase classname="Launch.Launch_Avianca" name="f" time="0.004"/>
</testsuite> <!-- Launch.Launch_Avianca -->
